build/app/outputs/mapping/release/mapping.txt
# compiler: R8
# compiler_version: 1.5.69
# min_api: 16
# pg_map_id: d24773a
...
androidx.lifecycle.ReportFragment -> androidx.lifecycle.p:
    androidx.lifecycle.ReportFragment$ActivityInitializationListener mProcessListener -> b
    void dispatch(android.app.Activity,androidx.lifecycle.Lifecycle$Event) -> a
    void dispatch(androidx.lifecycle.Lifecycle$Event) -> a
    void dispatchCreate(androidx.lifecycle.ReportFragment$ActivityInitializationListener) -> a
    void injectIfNeededIn(android.app.Activity) -> a
    void dispatchResume(androidx.lifecycle.ReportFragment$ActivityInitializationListener) -> b
    void dispatchStart(androidx.lifecycle.ReportFragment$ActivityInitializationListener) -> c
androidx.lifecycle.ReportFragment$ActivityInitializationListener -> androidx.lifecycle.p$a:
    void onCreate() -> a
androidx.lifecycle.ReportFragment$LifecycleCallbacks -> androidx.lifecycle.p$b:
androidx.lifecycle.SingleGeneratedAdapterObserver -> androidx.lifecycle.SingleGeneratedAdapterObserver:
    androidx.lifecycle.GeneratedAdapter mGeneratedAdapter -> a
    void onStateChanged(androidx.lifecycle.LifecycleOwner,androidx.lifecycle.Lifecycle$Event) -> a
androidx.lifecycle.ViewModel -> androidx.lifecycle.q:
    java.util.Map mBagOfTags -> a
    void clear() -> a
    void closeWithRuntimeException(java.lang.Object) -> a
    void onCleared() -> b
androidx.lifecycle.ViewModelProvider -> androidx.lifecycle.r:
    androidx.lifecycle.ViewModelStore mViewModelStore -> b
    androidx.lifecycle.ViewModelProvider$Factory mFactory -> a
    androidx.lifecycle.ViewModel get(java.lang.Class) -> a
    androidx.lifecycle.ViewModel get(java.lang.String,java.lang.Class) -> a
androidx.lifecycle.ViewModelProvider$Factory -> androidx.lifecycle.r$a:
    androidx.lifecycle.ViewModel create(java.lang.Class) -> a
androidx.lifecycle.ViewModelProvider$KeyedFactory -> androidx.lifecycle.r$b:
    androidx.lifecycle.ViewModel create(java.lang.Class) -> a
    androidx.lifecycle.ViewModel create(java.lang.String,java.lang.Class) -> a
androidx.lifecycle.ViewModelStore -> androidx.lifecycle.s:
    java.util.HashMap mMap -> a
    void clear() -> a
    androidx.lifecycle.ViewModel get(java.lang.String) -> a
    void put(java.lang.String,androidx.lifecycle.ViewModel) -> a
androidx.lifecycle.ViewModelStoreOwner -> androidx.lifecycle.t:
    androidx.lifecycle.ViewModelStore getViewModelStore() -> d
androidx.loader.app.LoaderManager -> a.e.a.a:
    void dump(java.lang.String,java.io.FileDescriptor,java.io.PrintWriter,java.lang.String[]) -> a
    androidx.loader.app.LoaderManager getInstance(androidx.lifecycle.LifecycleOwner) -> a
    void markForRedelivery() -> a
androidx.loader.app.LoaderManagerImpl -> a.e.a.b:
    androidx.lifecycle.LifecycleOwner mLifecycleOwner -> a
    androidx.loader.app.LoaderManagerImpl$LoaderViewModel mLoaderViewModel -> b
    boolean DEBUG -> c
    void dump(java.lang.String,java.io.FileDescriptor,java.io.PrintWriter,java.lang.String[]) -> a
    void markForRedelivery() -> a
androidx.loader.app.LoaderManagerImpl$LoaderInfo -> a.e.a.b$a:
    androidx.loader.content.Loader mLoader -> l
    androidx.lifecycle.LifecycleOwner mLifecycleOwner -> m
    int mId -> j
    androidx.loader.app.LoaderManagerImpl$LoaderObserver mObserver -> n
    android.os.Bundle mArgs -> k
    androidx.loader.content.Loader mPriorLoader -> o
    androidx.loader.content.Loader destroy(boolean) -> a
    void dump(java.lang.String,java.io.FileDescriptor,java.io.PrintWriter,java.lang.String[]) -> a
    void onActive() -> a
    void removeObserver(androidx.lifecycle.Observer) -> a
    void setValue(java.lang.Object) -> a
    void onInactive() -> b
    void markForRedelivery() -> c
androidx.loader.app.LoaderManagerImpl$LoaderObserver -> a.e.a.b$b: